2022-03-14 09:55:29,313 [Worker-4: Loading available Gradle versions] INFO  o.e.b.c.i.u.g.PublishedGradleVersions - Gradle version information cache is up-to-date. Trying to read.
2022-03-14 10:01:16,295 [Worker-5: Loading available Gradle versions] INFO  o.e.b.c.i.u.g.PublishedGradleVersions - Gradle version information cache is up-to-date. Trying to read.
2022-03-14 14:22:40,903 [Worker-1: Loading available Gradle versions] INFO  o.e.b.c.i.u.g.PublishedGradleVersions - Gradle version information cache is up-to-date. Trying to read.
2022-03-15 11:05:51,111 [Worker-5: Loading available Gradle versions] INFO  o.e.b.c.i.u.g.PublishedGradleVersions - Gradle version information cache is out-of-date. Trying to update.
2022-03-16 09:28:46,096 [Worker-5: Loading available Gradle versions] INFO  o.e.b.c.i.u.g.PublishedGradleVersions - Gradle version information cache is up-to-date. Trying to read.
2022-03-16 12:40:08,954 [Worker-9: Loading available Gradle versions] INFO  o.e.b.c.i.u.g.PublishedGradleVersions - Gradle version information cache is up-to-date. Trying to read.
2022-03-17 09:57:18,822 [Worker-2: Loading available Gradle versions] INFO  o.e.b.c.i.u.g.PublishedGradleVersions - Gradle version information cache is up-to-date. Trying to read.
2022-03-17 11:18:57,730 [Worker-3: Loading available Gradle versions] INFO  o.e.b.c.i.u.g.PublishedGradleVersions - Gradle version information cache is up-to-date. Trying to read.
2022-03-18 10:54:42,235 [Worker-8: Loading available Gradle versions] INFO  o.e.b.c.i.u.g.PublishedGradleVersions - Gradle version information cache is up-to-date. Trying to read.
2022-03-19 11:54:38,959 [Worker-3: Loading available Gradle versions] INFO  o.e.b.c.i.u.g.PublishedGradleVersions - Gradle version information cache is out-of-date. Trying to update.
2022-03-19 12:22:41,313 [Worker-9: Creating project "junittestreports"] INFO  o.e.m.c.i.l.LifecycleMappingFactory - Using org.eclipse.m2e.jdt.JarLifecycleMapping lifecycle mapping for MavenProject: com.junit.testing:junittestreports:0.0.1-SNAPSHOT @ C:\Users\lenovo\Implement OOPS using JAVA with Data Structures and Beyond\Self Learning\junittestreports\pom.xml.
2022-03-19 12:22:43,542 [Worker-9: Creating project "junittestreports"] INFO  o.e.m.j.i.AbstractJavaProjectConfigurator - Adding source folder /junittestreports/src/main/java
2022-03-19 12:22:43,544 [Worker-9: Creating project "junittestreports"] INFO  o.e.m.j.i.AbstractJavaProjectConfigurator - Adding resource folder /junittestreports/src/main/resources
2022-03-19 12:22:43,546 [Worker-9: Creating project "junittestreports"] INFO  o.e.m.j.i.AbstractJavaProjectConfigurator - Adding source folder /junittestreports/src/test/java
2022-03-19 12:22:43,546 [Worker-9: Creating project "junittestreports"] INFO  o.e.m.j.i.AbstractJavaProjectConfigurator - Adding resource folder /junittestreports/src/test/resources
2022-03-19 12:22:44,698 [Worker-15: Building] WARN  o.e.m.c.i.embedder.EclipseLogger - Using platform encoding (Cp1252 actually) to copy filtered resources, i.e. build is platform dependent!
2022-03-19 12:22:44,710 [Worker-15: Building] INFO  o.e.m.c.i.embedder.EclipseLogger - Copying 0 resource
2022-03-19 12:22:44,734 [Worker-15: Building] WARN  o.e.m.c.i.embedder.EclipseLogger - Using platform encoding (Cp1252 actually) to copy filtered resources, i.e. build is platform dependent!
2022-03-19 12:22:44,736 [Worker-15: Building] INFO  o.e.m.c.i.embedder.EclipseLogger - Copying 0 resource
2022-03-19 12:27:16,240 [Worker-14: Building] INFO  o.e.m.c.i.l.LifecycleMappingFactory - Using org.eclipse.m2e.jdt.JarLifecycleMapping lifecycle mapping for MavenProject: com.junit.testing:junittestreports:0.0.1-SNAPSHOT @ C:\Users\lenovo\Implement OOPS using JAVA with Data Structures and Beyond\Self Learning\junittestreports\pom.xml.
2022-03-19 12:27:17,428 [Worker-14: Building] WARN  o.e.m.c.i.embedder.EclipseLogger - Using platform encoding (Cp1252 actually) to copy filtered resources, i.e. build is platform dependent!
2022-03-19 12:27:17,441 [Worker-14: Building] INFO  o.e.m.c.i.embedder.EclipseLogger - Copying 0 resource
2022-03-19 12:27:17,445 [Worker-14: Building] WARN  o.e.m.c.i.embedder.EclipseLogger - Using platform encoding (Cp1252 actually) to copy filtered resources, i.e. build is platform dependent!
2022-03-19 12:27:17,461 [Worker-14: Building] INFO  o.e.m.c.i.embedder.EclipseLogger - Copying 0 resource
2022-03-19 12:29:52,037 [Worker-14: Building] INFO  o.e.m.c.i.l.LifecycleMappingFactory - Using org.eclipse.m2e.jdt.JarLifecycleMapping lifecycle mapping for MavenProject: com.junit.testing:junittestreports:0.0.1-SNAPSHOT @ C:\Users\lenovo\Implement OOPS using JAVA with Data Structures and Beyond\Self Learning\junittestreports\pom.xml.
2022-03-19 12:29:52,286 [Worker-14: Building] WARN  o.e.m.c.i.embedder.EclipseLogger - Using platform encoding (Cp1252 actually) to copy filtered resources, i.e. build is platform dependent!
2022-03-19 12:29:52,291 [Worker-14: Building] INFO  o.e.m.c.i.embedder.EclipseLogger - Copying 0 resource
2022-03-19 12:29:52,294 [Worker-14: Building] WARN  o.e.m.c.i.embedder.EclipseLogger - Using platform encoding (Cp1252 actually) to copy filtered resources, i.e. build is platform dependent!
2022-03-19 12:29:52,295 [Worker-14: Building] INFO  o.e.m.c.i.embedder.EclipseLogger - Copying 0 resource
2022-03-19 12:35:45,713 [Worker-22: Building] INFO  o.e.m.c.i.l.LifecycleMappingFactory - Using org.eclipse.m2e.jdt.JarLifecycleMapping lifecycle mapping for MavenProject: com.junit.testing:junittestreports:0.0.1-SNAPSHOT @ C:\Users\lenovo\Implement OOPS using JAVA with Data Structures and Beyond\Self Learning\junittestreports\pom.xml.
2022-03-19 12:35:45,927 [Worker-22: Building] WARN  o.e.m.c.i.embedder.EclipseLogger - Using platform encoding (Cp1252 actually) to copy filtered resources, i.e. build is platform dependent!
2022-03-19 12:35:45,931 [Worker-22: Building] INFO  o.e.m.c.i.embedder.EclipseLogger - Copying 0 resource
2022-03-19 12:35:45,935 [Worker-22: Building] WARN  o.e.m.c.i.embedder.EclipseLogger - Using platform encoding (Cp1252 actually) to copy filtered resources, i.e. build is platform dependent!
2022-03-19 12:35:45,946 [Worker-22: Building] INFO  o.e.m.c.i.embedder.EclipseLogger - Copying 0 resource
2022-03-19 13:04:08,097 [Worker-33: Building Workspace] WARN  o.e.m.c.i.embedder.EclipseLogger - Using platform encoding (Cp1252 actually) to copy filtered resources, i.e. build is platform dependent!
2022-03-19 13:04:08,119 [Worker-33: Building Workspace] INFO  o.e.m.c.i.embedder.EclipseLogger - Copying 0 resource
2022-03-19 13:04:08,126 [Worker-33: Building Workspace] WARN  o.e.m.c.i.embedder.EclipseLogger - Using platform encoding (Cp1252 actually) to copy filtered resources, i.e. build is platform dependent!
2022-03-19 13:04:08,139 [Worker-33: Building Workspace] INFO  o.e.m.c.i.embedder.EclipseLogger - Copying 0 resource
2022-03-19 13:04:20,299 [Worker-27: Building] WARN  o.e.m.c.i.embedder.EclipseLogger - Using platform encoding (Cp1252 actually) to copy filtered resources, i.e. build is platform dependent!
2022-03-19 13:04:20,301 [Worker-27: Building] INFO  o.e.m.c.i.embedder.EclipseLogger - Copying 0 resource
2022-03-19 13:04:20,304 [Worker-27: Building] WARN  o.e.m.c.i.embedder.EclipseLogger - Using platform encoding (Cp1252 actually) to copy filtered resources, i.e. build is platform dependent!
2022-03-19 13:04:20,307 [Worker-27: Building] INFO  o.e.m.c.i.embedder.EclipseLogger - Copying 0 resource
2022-03-19 13:07:41,180 [Worker-33: Building] WARN  o.e.m.c.i.embedder.EclipseLogger - Using platform encoding (Cp1252 actually) to copy filtered resources, i.e. build is platform dependent!
2022-03-19 13:07:41,183 [Worker-33: Building] INFO  o.e.m.c.i.embedder.EclipseLogger - Copying 0 resource
2022-03-19 13:07:41,185 [Worker-33: Building] WARN  o.e.m.c.i.embedder.EclipseLogger - Using platform encoding (Cp1252 actually) to copy filtered resources, i.e. build is platform dependent!
2022-03-19 13:07:41,188 [Worker-33: Building] INFO  o.e.m.c.i.embedder.EclipseLogger - Copying 0 resource
2022-03-19 13:08:02,294 [Worker-22: Launching TestStudentMark] WARN  o.e.m.c.i.embedder.EclipseLogger - Using platform encoding (Cp1252 actually) to copy filtered resources, i.e. build is platform dependent!
2022-03-19 13:08:02,297 [Worker-22: Launching TestStudentMark] INFO  o.e.m.c.i.embedder.EclipseLogger - Copying 0 resource
2022-03-19 13:08:02,300 [Worker-22: Launching TestStudentMark] WARN  o.e.m.c.i.embedder.EclipseLogger - Using platform encoding (Cp1252 actually) to copy filtered resources, i.e. build is platform dependent!
2022-03-19 13:08:02,304 [Worker-22: Launching TestStudentMark] INFO  o.e.m.c.i.embedder.EclipseLogger - Copying 0 resource
2022-03-19 13:09:26,389 [Worker-38: Launching TestStudentMark] WARN  o.e.m.c.i.embedder.EclipseLogger - Using platform encoding (Cp1252 actually) to copy filtered resources, i.e. build is platform dependent!
2022-03-19 13:09:26,392 [Worker-38: Launching TestStudentMark] INFO  o.e.m.c.i.embedder.EclipseLogger - Copying 0 resource
2022-03-19 13:09:26,396 [Worker-38: Launching TestStudentMark] WARN  o.e.m.c.i.embedder.EclipseLogger - Using platform encoding (Cp1252 actually) to copy filtered resources, i.e. build is platform dependent!
2022-03-19 13:09:26,399 [Worker-38: Launching TestStudentMark] INFO  o.e.m.c.i.embedder.EclipseLogger - Copying 0 resource
2022-03-19 13:11:09,303 [Worker-37: Launching TestStudentMark] WARN  o.e.m.c.i.embedder.EclipseLogger - Using platform encoding (Cp1252 actually) to copy filtered resources, i.e. build is platform dependent!
2022-03-19 13:11:09,306 [Worker-37: Launching TestStudentMark] INFO  o.e.m.c.i.embedder.EclipseLogger - Copying 0 resource
2022-03-19 13:11:09,309 [Worker-37: Launching TestStudentMark] WARN  o.e.m.c.i.embedder.EclipseLogger - Using platform encoding (Cp1252 actually) to copy filtered resources, i.e. build is platform dependent!
2022-03-19 13:11:09,312 [Worker-37: Launching TestStudentMark] INFO  o.e.m.c.i.embedder.EclipseLogger - Copying 0 resource
2022-03-19 13:12:31,348 [Worker-37: Launching TestStudentMark] WARN  o.e.m.c.i.embedder.EclipseLogger - Using platform encoding (Cp1252 actually) to copy filtered resources, i.e. build is platform dependent!
2022-03-19 13:12:31,350 [Worker-37: Launching TestStudentMark] INFO  o.e.m.c.i.embedder.EclipseLogger - Copying 0 resource
2022-03-19 13:12:31,355 [Worker-37: Launching TestStudentMark] WARN  o.e.m.c.i.embedder.EclipseLogger - Using platform encoding (Cp1252 actually) to copy filtered resources, i.e. build is platform dependent!
2022-03-19 13:12:31,359 [Worker-37: Launching TestStudentMark] INFO  o.e.m.c.i.embedder.EclipseLogger - Copying 0 resource
2022-03-19 13:14:45,647 [Worker-38: Launching TestStudentMark] WARN  o.e.m.c.i.embedder.EclipseLogger - Using platform encoding (Cp1252 actually) to copy filtered resources, i.e. build is platform dependent!
2022-03-19 13:14:45,661 [Worker-38: Launching TestStudentMark] INFO  o.e.m.c.i.embedder.EclipseLogger - Copying 0 resource
2022-03-19 13:14:45,665 [Worker-38: Launching TestStudentMark] WARN  o.e.m.c.i.embedder.EclipseLogger - Using platform encoding (Cp1252 actually) to copy filtered resources, i.e. build is platform dependent!
2022-03-19 13:14:45,668 [Worker-38: Launching TestStudentMark] INFO  o.e.m.c.i.embedder.EclipseLogger - Copying 0 resource
2022-03-19 13:17:56,400 [Worker-40: Launching TestStudentMark] WARN  o.e.m.c.i.embedder.EclipseLogger - Using platform encoding (Cp1252 actually) to copy filtered resources, i.e. build is platform dependent!
2022-03-19 13:17:56,403 [Worker-40: Launching TestStudentMark] INFO  o.e.m.c.i.embedder.EclipseLogger - Copying 0 resource
2022-03-19 13:17:56,405 [Worker-40: Launching TestStudentMark] WARN  o.e.m.c.i.embedder.EclipseLogger - Using platform encoding (Cp1252 actually) to copy filtered resources, i.e. build is platform dependent!
2022-03-19 13:17:56,407 [Worker-40: Launching TestStudentMark] INFO  o.e.m.c.i.embedder.EclipseLogger - Copying 0 resource
2022-03-19 13:19:24,614 [Worker-41: Launching TestStudentMark] WARN  o.e.m.c.i.embedder.EclipseLogger - Using platform encoding (Cp1252 actually) to copy filtered resources, i.e. build is platform dependent!
2022-03-19 13:19:24,617 [Worker-41: Launching TestStudentMark] INFO  o.e.m.c.i.embedder.EclipseLogger - Copying 0 resource
2022-03-19 13:19:24,620 [Worker-41: Launching TestStudentMark] WARN  o.e.m.c.i.embedder.EclipseLogger - Using platform encoding (Cp1252 actually) to copy filtered resources, i.e. build is platform dependent!
2022-03-19 13:19:24,622 [Worker-41: Launching TestStudentMark] INFO  o.e.m.c.i.embedder.EclipseLogger - Copying 0 resource
2022-03-19 13:19:36,234 [Worker-41: Launching TestStudentMark] WARN  o.e.m.c.i.embedder.EclipseLogger - Using platform encoding (Cp1252 actually) to copy filtered resources, i.e. build is platform dependent!
2022-03-19 13:19:36,236 [Worker-41: Launching TestStudentMark] INFO  o.e.m.c.i.embedder.EclipseLogger - Copying 0 resource
2022-03-19 13:19:36,238 [Worker-41: Launching TestStudentMark] WARN  o.e.m.c.i.embedder.EclipseLogger - Using platform encoding (Cp1252 actually) to copy filtered resources, i.e. build is platform dependent!
2022-03-19 13:19:36,242 [Worker-41: Launching TestStudentMark] INFO  o.e.m.c.i.embedder.EclipseLogger - Copying 0 resource
2022-03-19 13:21:35,496 [Worker-36: Launching TestStudentMark] WARN  o.e.m.c.i.embedder.EclipseLogger - Using platform encoding (Cp1252 actually) to copy filtered resources, i.e. build is platform dependent!
2022-03-19 13:21:35,499 [Worker-36: Launching TestStudentMark] INFO  o.e.m.c.i.embedder.EclipseLogger - Copying 0 resource
2022-03-19 13:21:35,502 [Worker-36: Launching TestStudentMark] WARN  o.e.m.c.i.embedder.EclipseLogger - Using platform encoding (Cp1252 actually) to copy filtered resources, i.e. build is platform dependent!
2022-03-19 13:21:35,515 [Worker-36: Launching TestStudentMark] INFO  o.e.m.c.i.embedder.EclipseLogger - Copying 0 resource
2022-03-19 13:22:57,244 [Worker-41: Launching TestStudentMark] WARN  o.e.m.c.i.embedder.EclipseLogger - Using platform encoding (Cp1252 actually) to copy filtered resources, i.e. build is platform dependent!
2022-03-19 13:22:57,246 [Worker-41: Launching TestStudentMark] INFO  o.e.m.c.i.embedder.EclipseLogger - Copying 0 resource
2022-03-19 13:22:57,248 [Worker-41: Launching TestStudentMark] WARN  o.e.m.c.i.embedder.EclipseLogger - Using platform encoding (Cp1252 actually) to copy filtered resources, i.e. build is platform dependent!
2022-03-19 13:22:57,252 [Worker-41: Launching TestStudentMark] INFO  o.e.m.c.i.embedder.EclipseLogger - Copying 0 resource
2022-03-19 13:23:03,252 [Worker-42: Launching TestStudentMark] WARN  o.e.m.c.i.embedder.EclipseLogger - Using platform encoding (Cp1252 actually) to copy filtered resources, i.e. build is platform dependent!
2022-03-19 13:23:03,254 [Worker-42: Launching TestStudentMark] INFO  o.e.m.c.i.embedder.EclipseLogger - Copying 0 resource
2022-03-19 13:23:03,257 [Worker-42: Launching TestStudentMark] WARN  o.e.m.c.i.embedder.EclipseLogger - Using platform encoding (Cp1252 actually) to copy filtered resources, i.e. build is platform dependent!
2022-03-19 13:23:03,260 [Worker-42: Launching TestStudentMark] INFO  o.e.m.c.i.embedder.EclipseLogger - Copying 0 resource
2022-03-19 13:23:11,027 [Worker-36: Launching TestStudentMark] WARN  o.e.m.c.i.embedder.EclipseLogger - Using platform encoding (Cp1252 actually) to copy filtered resources, i.e. build is platform dependent!
2022-03-19 13:23:11,029 [Worker-36: Launching TestStudentMark] INFO  o.e.m.c.i.embedder.EclipseLogger - Copying 0 resource
2022-03-19 13:23:11,034 [Worker-36: Launching TestStudentMark] WARN  o.e.m.c.i.embedder.EclipseLogger - Using platform encoding (Cp1252 actually) to copy filtered resources, i.e. build is platform dependent!
2022-03-19 13:23:11,037 [Worker-36: Launching TestStudentMark] INFO  o.e.m.c.i.embedder.EclipseLogger - Copying 0 resource
2022-03-19 13:23:29,329 [Worker-42: Launching TestStudentMark] WARN  o.e.m.c.i.embedder.EclipseLogger - Using platform encoding (Cp1252 actually) to copy filtered resources, i.e. build is platform dependent!
2022-03-19 13:23:29,331 [Worker-42: Launching TestStudentMark] INFO  o.e.m.c.i.embedder.EclipseLogger - Copying 0 resource
2022-03-19 13:23:29,333 [Worker-42: Launching TestStudentMark] WARN  o.e.m.c.i.embedder.EclipseLogger - Using platform encoding (Cp1252 actually) to copy filtered resources, i.e. build is platform dependent!
2022-03-19 13:23:29,336 [Worker-42: Launching TestStudentMark] INFO  o.e.m.c.i.embedder.EclipseLogger - Copying 0 resource
2022-03-19 13:24:25,495 [Worker-40: Launching TestStudentMark] WARN  o.e.m.c.i.embedder.EclipseLogger - Using platform encoding (Cp1252 actually) to copy filtered resources, i.e. build is platform dependent!
2022-03-19 13:24:25,497 [Worker-40: Launching TestStudentMark] INFO  o.e.m.c.i.embedder.EclipseLogger - Copying 0 resource
2022-03-19 13:24:25,500 [Worker-40: Launching TestStudentMark] WARN  o.e.m.c.i.embedder.EclipseLogger - Using platform encoding (Cp1252 actually) to copy filtered resources, i.e. build is platform dependent!
2022-03-19 13:24:25,503 [Worker-40: Launching TestStudentMark] INFO  o.e.m.c.i.embedder.EclipseLogger - Copying 0 resource
2022-03-19 13:26:13,461 [Worker-41: Launching TestStudentMark] WARN  o.e.m.c.i.embedder.EclipseLogger - Using platform encoding (Cp1252 actually) to copy filtered resources, i.e. build is platform dependent!
2022-03-19 13:26:13,464 [Worker-41: Launching TestStudentMark] INFO  o.e.m.c.i.embedder.EclipseLogger - Copying 0 resource
2022-03-19 13:26:13,466 [Worker-41: Launching TestStudentMark] WARN  o.e.m.c.i.embedder.EclipseLogger - Using platform encoding (Cp1252 actually) to copy filtered resources, i.e. build is platform dependent!
2022-03-19 13:26:13,469 [Worker-41: Launching TestStudentMark] INFO  o.e.m.c.i.embedder.EclipseLogger - Copying 0 resource
2022-03-19 13:27:25,567 [Worker-36: Launching TestStudentMark] WARN  o.e.m.c.i.embedder.EclipseLogger - Using platform encoding (Cp1252 actually) to copy filtered resources, i.e. build is platform dependent!
2022-03-19 13:27:25,570 [Worker-36: Launching TestStudentMark] INFO  o.e.m.c.i.embedder.EclipseLogger - Copying 0 resource
2022-03-19 13:27:25,572 [Worker-36: Launching TestStudentMark] WARN  o.e.m.c.i.embedder.EclipseLogger - Using platform encoding (Cp1252 actually) to copy filtered resources, i.e. build is platform dependent!
2022-03-19 13:27:25,574 [Worker-36: Launching TestStudentMark] INFO  o.e.m.c.i.embedder.EclipseLogger - Copying 0 resource
2022-03-19 13:27:58,324 [Worker-22: Launching TestStudentMark] WARN  o.e.m.c.i.embedder.EclipseLogger - Using platform encoding (Cp1252 actually) to copy filtered resources, i.e. build is platform dependent!
2022-03-19 13:27:58,326 [Worker-22: Launching TestStudentMark] INFO  o.e.m.c.i.embedder.EclipseLogger - Copying 0 resource
2022-03-19 13:27:58,328 [Worker-22: Launching TestStudentMark] WARN  o.e.m.c.i.embedder.EclipseLogger - Using platform encoding (Cp1252 actually) to copy filtered resources, i.e. build is platform dependent!
2022-03-19 13:27:58,332 [Worker-22: Launching TestStudentMark] INFO  o.e.m.c.i.embedder.EclipseLogger - Copying 0 resource
2022-03-19 13:30:59,712 [Worker-44: Launching TestStudentMark] WARN  o.e.m.c.i.embedder.EclipseLogger - Using platform encoding (Cp1252 actually) to copy filtered resources, i.e. build is platform dependent!
2022-03-19 13:30:59,716 [Worker-44: Launching TestStudentMark] INFO  o.e.m.c.i.embedder.EclipseLogger - Copying 0 resource
2022-03-19 13:30:59,718 [Worker-44: Launching TestStudentMark] WARN  o.e.m.c.i.embedder.EclipseLogger - Using platform encoding (Cp1252 actually) to copy filtered resources, i.e. build is platform dependent!
2022-03-19 13:30:59,721 [Worker-44: Launching TestStudentMark] INFO  o.e.m.c.i.embedder.EclipseLogger - Copying 0 resource
2022-03-19 13:31:20,472 [Worker-39: Launching TestStudentMark] WARN  o.e.m.c.i.embedder.EclipseLogger - Using platform encoding (Cp1252 actually) to copy filtered resources, i.e. build is platform dependent!
2022-03-19 13:31:20,475 [Worker-39: Launching TestStudentMark] INFO  o.e.m.c.i.embedder.EclipseLogger - Copying 0 resource
2022-03-19 13:31:20,477 [Worker-39: Launching TestStudentMark] WARN  o.e.m.c.i.embedder.EclipseLogger - Using platform encoding (Cp1252 actually) to copy filtered resources, i.e. build is platform dependent!
2022-03-19 13:31:20,480 [Worker-39: Launching TestStudentMark] INFO  o.e.m.c.i.embedder.EclipseLogger - Copying 0 resource
2022-03-19 13:32:33,729 [Worker-43: Launching TestStudentMark] WARN  o.e.m.c.i.embedder.EclipseLogger - Using platform encoding (Cp1252 actually) to copy filtered resources, i.e. build is platform dependent!
2022-03-19 13:32:33,731 [Worker-43: Launching TestStudentMark] INFO  o.e.m.c.i.embedder.EclipseLogger - Copying 0 resource
2022-03-19 13:32:33,733 [Worker-43: Launching TestStudentMark] WARN  o.e.m.c.i.embedder.EclipseLogger - Using platform encoding (Cp1252 actually) to copy filtered resources, i.e. build is platform dependent!
2022-03-19 13:32:33,739 [Worker-43: Launching TestStudentMark] INFO  o.e.m.c.i.embedder.EclipseLogger - Copying 0 resource
2022-03-19 13:41:31,896 [Worker-45: Building] WARN  o.e.m.c.i.embedder.EclipseLogger - Using platform encoding (Cp1252 actually) to copy filtered resources, i.e. build is platform dependent!
2022-03-19 13:41:31,900 [Worker-45: Building] INFO  o.e.m.c.i.embedder.EclipseLogger - Copying 0 resource
2022-03-19 13:41:31,902 [Worker-45: Building] WARN  o.e.m.c.i.embedder.EclipseLogger - Using platform encoding (Cp1252 actually) to copy filtered resources, i.e. build is platform dependent!
2022-03-19 13:41:31,904 [Worker-45: Building] INFO  o.e.m.c.i.embedder.EclipseLogger - Copying 0 resource
2022-03-19 13:42:00,322 [Worker-48: Building] WARN  o.e.m.c.i.embedder.EclipseLogger - Using platform encoding (Cp1252 actually) to copy filtered resources, i.e. build is platform dependent!
2022-03-19 13:42:00,325 [Worker-48: Building] INFO  o.e.m.c.i.embedder.EclipseLogger - Copying 0 resource
2022-03-19 13:42:00,328 [Worker-48: Building] WARN  o.e.m.c.i.embedder.EclipseLogger - Using platform encoding (Cp1252 actually) to copy filtered resources, i.e. build is platform dependent!
2022-03-19 13:42:00,330 [Worker-48: Building] INFO  o.e.m.c.i.embedder.EclipseLogger - Copying 0 resource
2022-03-19 13:42:03,993 [Worker-43: Building] WARN  o.e.m.c.i.embedder.EclipseLogger - Using platform encoding (Cp1252 actually) to copy filtered resources, i.e. build is platform dependent!
2022-03-19 13:42:03,995 [Worker-43: Building] INFO  o.e.m.c.i.embedder.EclipseLogger - Copying 0 resource
2022-03-19 13:42:03,997 [Worker-43: Building] WARN  o.e.m.c.i.embedder.EclipseLogger - Using platform encoding (Cp1252 actually) to copy filtered resources, i.e. build is platform dependent!
2022-03-19 13:42:04,000 [Worker-43: Building] INFO  o.e.m.c.i.embedder.EclipseLogger - Copying 0 resource
2022-03-19 13:42:10,151 [Worker-43: Building] WARN  o.e.m.c.i.embedder.EclipseLogger - Using platform encoding (Cp1252 actually) to copy filtered resources, i.e. build is platform dependent!
2022-03-19 13:42:10,153 [Worker-43: Building] INFO  o.e.m.c.i.embedder.EclipseLogger - Copying 0 resource
2022-03-19 13:42:10,156 [Worker-43: Building] WARN  o.e.m.c.i.embedder.EclipseLogger - Using platform encoding (Cp1252 actually) to copy filtered resources, i.e. build is platform dependent!
2022-03-19 13:42:10,160 [Worker-43: Building] INFO  o.e.m.c.i.embedder.EclipseLogger - Copying 0 resource
2022-03-19 13:42:12,255 [Worker-45: Building] WARN  o.e.m.c.i.embedder.EclipseLogger - Using platform encoding (Cp1252 actually) to copy filtered resources, i.e. build is platform dependent!
2022-03-19 13:42:12,258 [Worker-45: Building] INFO  o.e.m.c.i.embedder.EclipseLogger - Copying 0 resource
2022-03-19 13:42:12,260 [Worker-45: Building] WARN  o.e.m.c.i.embedder.EclipseLogger - Using platform encoding (Cp1252 actually) to copy filtered resources, i.e. build is platform dependent!
2022-03-19 13:42:12,262 [Worker-45: Building] INFO  o.e.m.c.i.embedder.EclipseLogger - Copying 0 resource
2022-03-19 14:58:28,709 [Worker-50: Building] INFO  o.e.m.c.i.l.LifecycleMappingFactory - Using org.eclipse.m2e.jdt.JarLifecycleMapping lifecycle mapping for MavenProject: com.junit.testing:junittestreports:0.0.1-SNAPSHOT @ C:\Users\lenovo\Implement OOPS using JAVA with Data Structures and Beyond\Self Learning\junittestreports\pom.xml.
2022-03-19 14:58:28,873 [Worker-50: Building] WARN  o.e.m.c.i.embedder.EclipseLogger - Using platform encoding (Cp1252 actually) to copy filtered resources, i.e. build is platform dependent!
2022-03-19 14:58:28,876 [Worker-50: Building] INFO  o.e.m.c.i.embedder.EclipseLogger - Copying 0 resource
2022-03-19 14:58:28,878 [Worker-50: Building] WARN  o.e.m.c.i.embedder.EclipseLogger - Using platform encoding (Cp1252 actually) to copy filtered resources, i.e. build is platform dependent!
2022-03-19 14:58:28,888 [Worker-50: Building] INFO  o.e.m.c.i.embedder.EclipseLogger - Copying 0 resource
2022-03-19 14:59:46,231 [Worker-48: Building] INFO  o.e.m.c.i.l.LifecycleMappingFactory - Using org.eclipse.m2e.jdt.JarLifecycleMapping lifecycle mapping for MavenProject: com.junit.testing:junittestreports:0.0.1-SNAPSHOT @ C:\Users\lenovo\Implement OOPS using JAVA with Data Structures and Beyond\Self Learning\junittestreports\pom.xml.
2022-03-19 14:59:46,395 [Worker-48: Building] WARN  o.e.m.c.i.embedder.EclipseLogger - Using platform encoding (Cp1252 actually) to copy filtered resources, i.e. build is platform dependent!
2022-03-19 14:59:46,398 [Worker-48: Building] INFO  o.e.m.c.i.embedder.EclipseLogger - Copying 0 resource
2022-03-19 14:59:46,400 [Worker-48: Building] WARN  o.e.m.c.i.embedder.EclipseLogger - Using platform encoding (Cp1252 actually) to copy filtered resources, i.e. build is platform dependent!
2022-03-19 14:59:46,402 [Worker-48: Building] INFO  o.e.m.c.i.embedder.EclipseLogger - Copying 0 resource
2022-03-19 15:04:13,276 [Worker-52: Launching Executing clean in C__Users_lenovo_Implement OOPS using JAVA with Data Structures and Beyond_Self Learning_junittestreports] INFO  o.e.m.i.launch.MavenLaunchDelegate - C:\Users\lenovo\Implement OOPS using JAVA with Data Structures and Beyond\Self Learning\junittestreports
2022-03-19 15:04:13,278 [Worker-52: Launching Executing clean in C__Users_lenovo_Implement OOPS using JAVA with Data Structures and Beyond_Self Learning_junittestreports] INFO  o.e.m.i.launch.MavenLaunchDelegate -  mvn -B clean
2022-03-19 15:04:50,642 [Worker-48: Building] INFO  o.e.m.c.i.l.LifecycleMappingFactory - Using org.eclipse.m2e.jdt.JarLifecycleMapping lifecycle mapping for MavenProject: com.junit.testing:junittestreports:0.0.1-SNAPSHOT @ C:\Users\lenovo\Implement OOPS using JAVA with Data Structures and Beyond\Self Learning\junittestreports\pom.xml.
2022-03-19 15:04:50,934 [Worker-48: Building] WARN  o.e.m.c.i.embedder.EclipseLogger - Using platform encoding (Cp1252 actually) to copy filtered resources, i.e. build is platform dependent!
2022-03-19 15:04:50,937 [Worker-48: Building] INFO  o.e.m.c.i.embedder.EclipseLogger - Copying 0 resource
2022-03-19 15:04:50,940 [Worker-48: Building] WARN  o.e.m.c.i.embedder.EclipseLogger - Using platform encoding (Cp1252 actually) to copy filtered resources, i.e. build is platform dependent!
2022-03-19 15:04:50,941 [Worker-48: Building] INFO  o.e.m.c.i.embedder.EclipseLogger - Copying 0 resource
2022-03-19 15:05:15,600 [main] INFO  o.e.m2e.actions.ExecutePomAction - Creating new launch configuration
2022-03-19 15:05:33,725 [Worker-53: Launching junittestreports] INFO  o.e.m.i.launch.MavenLaunchDelegate - C:\Users\lenovo\Implement OOPS using JAVA with Data Structures and Beyond\Self Learning\junittestreports
2022-03-19 15:05:33,725 [Worker-53: Launching junittestreports] INFO  o.e.m.i.launch.MavenLaunchDelegate -  mvn -B 
2022-03-19 15:06:31,023 [Worker-55: Launching junittestreports] INFO  o.e.m.i.launch.MavenLaunchDelegate - C:\Users\lenovo\Implement OOPS using JAVA with Data Structures and Beyond\Self Learning\junittestreports
2022-03-19 15:06:31,023 [Worker-55: Launching junittestreports] INFO  o.e.m.i.launch.MavenLaunchDelegate -  mvn -B clean install test surefire-report:report
2022-03-19 15:09:26,527 [Worker-58: Launching junittestreports] INFO  o.e.m.i.launch.MavenLaunchDelegate - C:\Users\lenovo\Implement OOPS using JAVA with Data Structures and Beyond\Self Learning\junittestreports
2022-03-19 15:09:26,528 [Worker-58: Launching junittestreports] INFO  o.e.m.i.launch.MavenLaunchDelegate -  mvn -B clean install test surefire-report:report
2022-03-19 15:12:15,321 [Worker-59: Building] WARN  o.e.m.c.i.embedder.EclipseLogger - Using platform encoding (Cp1252 actually) to copy filtered resources, i.e. build is platform dependent!
2022-03-19 15:12:15,323 [Worker-59: Building] INFO  o.e.m.c.i.embedder.EclipseLogger - Copying 0 resource
2022-03-19 15:12:15,324 [Worker-59: Building] WARN  o.e.m.c.i.embedder.EclipseLogger - Using platform encoding (Cp1252 actually) to copy filtered resources, i.e. build is platform dependent!
2022-03-19 15:12:15,878 [Worker-59: Building] INFO  o.e.m.c.i.embedder.EclipseLogger - Copying 0 resource
2022-03-19 15:16:07,035 [Worker-63: Launching junittestreports] INFO  o.e.m.i.launch.MavenLaunchDelegate - C:\Users\lenovo\Implement OOPS using JAVA with Data Structures and Beyond\Self Learning\junittestreports
2022-03-19 15:16:07,035 [Worker-63: Launching junittestreports] INFO  o.e.m.i.launch.MavenLaunchDelegate -  mvn -B clean install test surefire-report:report
2022-03-19 15:16:07,194 [Worker-61: Building] WARN  o.e.m.c.i.embedder.EclipseLogger - Using platform encoding (Cp1252 actually) to copy filtered resources, i.e. build is platform dependent!
2022-03-19 15:16:07,196 [Worker-61: Building] INFO  o.e.m.c.i.embedder.EclipseLogger - Copying 0 resource
2022-03-19 15:16:07,198 [Worker-61: Building] WARN  o.e.m.c.i.embedder.EclipseLogger - Using platform encoding (Cp1252 actually) to copy filtered resources, i.e. build is platform dependent!
2022-03-19 15:16:07,200 [Worker-61: Building] INFO  o.e.m.c.i.embedder.EclipseLogger - Copying 0 resource
2022-03-19 15:16:36,123 [Worker-62: Launching junittestreports] INFO  o.e.m.i.launch.MavenLaunchDelegate - C:\Users\lenovo\Implement OOPS using JAVA with Data Structures and Beyond\Self Learning\junittestreports
2022-03-19 15:16:36,124 [Worker-62: Launching junittestreports] INFO  o.e.m.i.launch.MavenLaunchDelegate -  mvn -B clean install test surefire-report:report
2022-03-19 15:18:12,196 [Worker-61: Launching TestDemo] WARN  o.e.m.c.i.embedder.EclipseLogger - Using platform encoding (Cp1252 actually) to copy filtered resources, i.e. build is platform dependent!
2022-03-19 15:18:12,198 [Worker-61: Launching TestDemo] INFO  o.e.m.c.i.embedder.EclipseLogger - Copying 0 resource
2022-03-19 15:18:12,200 [Worker-61: Launching TestDemo] WARN  o.e.m.c.i.embedder.EclipseLogger - Using platform encoding (Cp1252 actually) to copy filtered resources, i.e. build is platform dependent!
2022-03-19 15:18:12,202 [Worker-61: Launching TestDemo] INFO  o.e.m.c.i.embedder.EclipseLogger - Copying 0 resource
2022-03-19 15:18:45,850 [main] INFO  o.e.m2e.actions.ExecutePomAction - Creating new launch configuration
2022-03-19 15:19:28,977 [main] INFO  o.e.m2e.actions.ExecutePomAction - Using existing launch configuration
2022-03-19 15:19:49,195 [Worker-59: Launching junittestreports (1)] INFO  o.e.m.i.launch.MavenLaunchDelegate - C:\Users\lenovo\Implement OOPS using JAVA with Data Structures and Beyond\Self Learning\junittestreports
2022-03-19 15:19:49,195 [Worker-59: Launching junittestreports (1)] INFO  o.e.m.i.launch.MavenLaunchDelegate -  mvn -B clean install test surefire-report:report
2022-03-19 15:19:49,246 [Worker-61: Building] WARN  o.e.m.c.i.embedder.EclipseLogger - Using platform encoding (Cp1252 actually) to copy filtered resources, i.e. build is platform dependent!
2022-03-19 15:19:49,248 [Worker-61: Building] INFO  o.e.m.c.i.embedder.EclipseLogger - Copying 0 resource
2022-03-19 15:19:49,249 [Worker-61: Building] WARN  o.e.m.c.i.embedder.EclipseLogger - Using platform encoding (Cp1252 actually) to copy filtered resources, i.e. build is platform dependent!
2022-03-19 15:19:49,251 [Worker-61: Building] INFO  o.e.m.c.i.embedder.EclipseLogger - Copying 0 resource
2022-03-19 15:20:46,553 [Worker-63: Launching junittestreports (1)] INFO  o.e.m.i.launch.MavenLaunchDelegate - C:\Users\lenovo\Implement OOPS using JAVA with Data Structures and Beyond\Self Learning\junittestreports
2022-03-19 15:20:46,553 [Worker-63: Launching junittestreports (1)] INFO  o.e.m.i.launch.MavenLaunchDelegate -  mvn -B clean install test surefire-report:report
2022-03-19 15:20:46,672 [Worker-62: Building] WARN  o.e.m.c.i.embedder.EclipseLogger - Using platform encoding (Cp1252 actually) to copy filtered resources, i.e. build is platform dependent!
2022-03-19 15:20:46,674 [Worker-62: Building] INFO  o.e.m.c.i.embedder.EclipseLogger - Copying 0 resource
2022-03-19 15:20:46,677 [Worker-62: Building] WARN  o.e.m.c.i.embedder.EclipseLogger - Using platform encoding (Cp1252 actually) to copy filtered resources, i.e. build is platform dependent!
2022-03-19 15:20:46,679 [Worker-62: Building] INFO  o.e.m.c.i.embedder.EclipseLogger - Copying 0 resource
2022-03-19 15:23:31,735 [Worker-61: Building] WARN  o.e.m.c.i.embedder.EclipseLogger - Using platform encoding (Cp1252 actually) to copy filtered resources, i.e. build is platform dependent!
2022-03-19 15:23:31,737 [Worker-61: Building] INFO  o.e.m.c.i.embedder.EclipseLogger - Copying 0 resource
2022-03-19 15:23:31,738 [Worker-61: Building] WARN  o.e.m.c.i.embedder.EclipseLogger - Using platform encoding (Cp1252 actually) to copy filtered resources, i.e. build is platform dependent!
2022-03-19 15:23:31,740 [Worker-61: Building] INFO  o.e.m.c.i.embedder.EclipseLogger - Copying 0 resource
2022-03-19 15:29:17,046 [Worker-61: Building] WARN  o.e.m.c.i.embedder.EclipseLogger - Using platform encoding (Cp1252 actually) to copy filtered resources, i.e. build is platform dependent!
2022-03-19 15:29:17,047 [Worker-61: Building] INFO  o.e.m.c.i.embedder.EclipseLogger - Copying 0 resource
2022-03-19 15:29:17,050 [Worker-61: Building] WARN  o.e.m.c.i.embedder.EclipseLogger - Using platform encoding (Cp1252 actually) to copy filtered resources, i.e. build is platform dependent!
2022-03-19 15:29:17,052 [Worker-61: Building] INFO  o.e.m.c.i.embedder.EclipseLogger - Copying 0 resource
2022-03-19 15:29:52,602 [Worker-61: Building] WARN  o.e.m.c.i.embedder.EclipseLogger - Using platform encoding (Cp1252 actually) to copy filtered resources, i.e. build is platform dependent!
2022-03-19 15:29:52,603 [Worker-61: Building] INFO  o.e.m.c.i.embedder.EclipseLogger - Copying 0 resource
2022-03-19 15:29:52,607 [Worker-61: Building] WARN  o.e.m.c.i.embedder.EclipseLogger - Using platform encoding (Cp1252 actually) to copy filtered resources, i.e. build is platform dependent!
2022-03-19 15:29:52,608 [Worker-61: Building] INFO  o.e.m.c.i.embedder.EclipseLogger - Copying 0 resource
2022-03-19 15:30:36,447 [Worker-69: Building] WARN  o.e.m.c.i.embedder.EclipseLogger - Using platform encoding (Cp1252 actually) to copy filtered resources, i.e. build is platform dependent!
2022-03-19 15:30:36,449 [Worker-69: Building] INFO  o.e.m.c.i.embedder.EclipseLogger - Copying 0 resource
2022-03-19 15:30:36,450 [Worker-69: Building] WARN  o.e.m.c.i.embedder.EclipseLogger - Using platform encoding (Cp1252 actually) to copy filtered resources, i.e. build is platform dependent!
2022-03-19 15:30:36,452 [Worker-69: Building] INFO  o.e.m.c.i.embedder.EclipseLogger - Copying 0 resource
2022-03-19 15:31:45,723 [Worker-71: Launching junittestreports (1)] INFO  o.e.m.i.launch.MavenLaunchDelegate - C:\Users\lenovo\Implement OOPS using JAVA with Data Structures and Beyond\Self Learning\junittestreports
2022-03-19 15:31:45,723 [Worker-71: Launching junittestreports (1)] INFO  o.e.m.i.launch.MavenLaunchDelegate -  mvn -B clean install test surefire-report:report
2022-03-19 15:31:45,865 [Worker-65: Building] WARN  o.e.m.c.i.embedder.EclipseLogger - Using platform encoding (Cp1252 actually) to copy filtered resources, i.e. build is platform dependent!
2022-03-19 15:31:45,866 [Worker-65: Building] INFO  o.e.m.c.i.embedder.EclipseLogger - Copying 0 resource
2022-03-19 15:31:45,867 [Worker-65: Building] WARN  o.e.m.c.i.embedder.EclipseLogger - Using platform encoding (Cp1252 actually) to copy filtered resources, i.e. build is platform dependent!
2022-03-19 15:31:45,869 [Worker-65: Building] INFO  o.e.m.c.i.embedder.EclipseLogger - Copying 0 resource
2022-03-19 15:33:31,751 [Worker-69: Launching TestDemo] WARN  o.e.m.c.i.embedder.EclipseLogger - Using platform encoding (Cp1252 actually) to copy filtered resources, i.e. build is platform dependent!
2022-03-19 15:33:31,753 [Worker-69: Launching TestDemo] INFO  o.e.m.c.i.embedder.EclipseLogger - Copying 0 resource
2022-03-19 15:33:31,754 [Worker-69: Launching TestDemo] WARN  o.e.m.c.i.embedder.EclipseLogger - Using platform encoding (Cp1252 actually) to copy filtered resources, i.e. build is platform dependent!
2022-03-19 15:33:31,756 [Worker-69: Launching TestDemo] INFO  o.e.m.c.i.embedder.EclipseLogger - Copying 0 resource
2022-03-19 15:35:02,153 [Worker-65: Launching Junitannotationsample] WARN  o.e.m.c.i.embedder.EclipseLogger - Using platform encoding (Cp1252 actually) to copy filtered resources, i.e. build is platform dependent!
2022-03-19 15:35:02,154 [Worker-65: Launching Junitannotationsample] INFO  o.e.m.c.i.embedder.EclipseLogger - Copying 0 resource
2022-03-19 15:35:02,156 [Worker-65: Launching Junitannotationsample] WARN  o.e.m.c.i.embedder.EclipseLogger - Using platform encoding (Cp1252 actually) to copy filtered resources, i.e. build is platform dependent!
2022-03-19 15:35:02,159 [Worker-65: Launching Junitannotationsample] INFO  o.e.m.c.i.embedder.EclipseLogger - Copying 0 resource
2022-03-19 15:36:10,442 [Worker-71: Launching Junitannotationsample] WARN  o.e.m.c.i.embedder.EclipseLogger - Using platform encoding (Cp1252 actually) to copy filtered resources, i.e. build is platform dependent!
2022-03-19 15:36:10,443 [Worker-71: Launching Junitannotationsample] INFO  o.e.m.c.i.embedder.EclipseLogger - Copying 0 resource
2022-03-19 15:36:10,447 [Worker-71: Launching Junitannotationsample] WARN  o.e.m.c.i.embedder.EclipseLogger - Using platform encoding (Cp1252 actually) to copy filtered resources, i.e. build is platform dependent!
2022-03-19 15:36:10,449 [Worker-71: Launching Junitannotationsample] INFO  o.e.m.c.i.embedder.EclipseLogger - Copying 0 resource
2022-03-19 15:39:03,313 [Worker-65: Launching Junitannotationsample] WARN  o.e.m.c.i.embedder.EclipseLogger - Using platform encoding (Cp1252 actually) to copy filtered resources, i.e. build is platform dependent!
2022-03-19 15:39:03,315 [Worker-65: Launching Junitannotationsample] INFO  o.e.m.c.i.embedder.EclipseLogger - Copying 0 resource
2022-03-19 15:39:03,316 [Worker-65: Launching Junitannotationsample] WARN  o.e.m.c.i.embedder.EclipseLogger - Using platform encoding (Cp1252 actually) to copy filtered resources, i.e. build is platform dependent!
2022-03-19 15:39:03,318 [Worker-65: Launching Junitannotationsample] INFO  o.e.m.c.i.embedder.EclipseLogger - Copying 0 resource
2022-03-19 15:40:42,626 [Worker-70: Launching Junitannotationsample] WARN  o.e.m.c.i.embedder.EclipseLogger - Using platform encoding (Cp1252 actually) to copy filtered resources, i.e. build is platform dependent!
2022-03-19 15:40:42,628 [Worker-70: Launching Junitannotationsample] INFO  o.e.m.c.i.embedder.EclipseLogger - Copying 0 resource
2022-03-19 15:40:42,631 [Worker-70: Launching Junitannotationsample] WARN  o.e.m.c.i.embedder.EclipseLogger - Using platform encoding (Cp1252 actually) to copy filtered resources, i.e. build is platform dependent!
2022-03-19 15:40:42,632 [Worker-70: Launching Junitannotationsample] INFO  o.e.m.c.i.embedder.EclipseLogger - Copying 0 resource
2022-03-19 15:41:59,435 [Worker-69: Building] WARN  o.e.m.c.i.embedder.EclipseLogger - Using platform encoding (Cp1252 actually) to copy filtered resources, i.e. build is platform dependent!
2022-03-19 15:41:59,437 [Worker-69: Building] INFO  o.e.m.c.i.embedder.EclipseLogger - Copying 0 resource
2022-03-19 15:41:59,438 [Worker-69: Building] WARN  o.e.m.c.i.embedder.EclipseLogger - Using platform encoding (Cp1252 actually) to copy filtered resources, i.e. build is platform dependent!
2022-03-19 15:41:59,440 [Worker-69: Building] INFO  o.e.m.c.i.embedder.EclipseLogger - Copying 0 resource
2022-03-19 15:45:24,789 [Worker-61: Launching SampleAssertion] WARN  o.e.m.c.i.embedder.EclipseLogger - Using platform encoding (Cp1252 actually) to copy filtered resources, i.e. build is platform dependent!
2022-03-19 15:45:24,791 [Worker-61: Launching SampleAssertion] INFO  o.e.m.c.i.embedder.EclipseLogger - Copying 0 resource
2022-03-19 15:45:24,792 [Worker-61: Launching SampleAssertion] WARN  o.e.m.c.i.embedder.EclipseLogger - Using platform encoding (Cp1252 actually) to copy filtered resources, i.e. build is platform dependent!
2022-03-19 15:45:24,793 [Worker-61: Launching SampleAssertion] INFO  o.e.m.c.i.embedder.EclipseLogger - Copying 0 resource
2022-03-19 15:46:19,797 [Worker-71: Launching SampleAssertion] WARN  o.e.m.c.i.embedder.EclipseLogger - Using platform encoding (Cp1252 actually) to copy filtered resources, i.e. build is platform dependent!
2022-03-19 15:46:19,799 [Worker-71: Launching SampleAssertion] INFO  o.e.m.c.i.embedder.EclipseLogger - Copying 0 resource
2022-03-19 15:46:19,800 [Worker-71: Launching SampleAssertion] WARN  o.e.m.c.i.embedder.EclipseLogger - Using platform encoding (Cp1252 actually) to copy filtered resources, i.e. build is platform dependent!
2022-03-19 15:46:19,802 [Worker-71: Launching SampleAssertion] INFO  o.e.m.c.i.embedder.EclipseLogger - Copying 0 resource
2022-03-19 15:46:46,651 [Worker-65: Launching SampleAssertion] WARN  o.e.m.c.i.embedder.EclipseLogger - Using platform encoding (Cp1252 actually) to copy filtered resources, i.e. build is platform dependent!
2022-03-19 15:46:46,653 [Worker-65: Launching SampleAssertion] INFO  o.e.m.c.i.embedder.EclipseLogger - Copying 0 resource
2022-03-19 15:46:46,654 [Worker-65: Launching SampleAssertion] WARN  o.e.m.c.i.embedder.EclipseLogger - Using platform encoding (Cp1252 actually) to copy filtered resources, i.e. build is platform dependent!
2022-03-19 15:46:46,657 [Worker-65: Launching SampleAssertion] INFO  o.e.m.c.i.embedder.EclipseLogger - Copying 0 resource
2022-03-19 15:47:52,492 [Worker-72: Launching SampleAssertion] WARN  o.e.m.c.i.embedder.EclipseLogger - Using platform encoding (Cp1252 actually) to copy filtered resources, i.e. build is platform dependent!
2022-03-19 15:47:52,494 [Worker-72: Launching SampleAssertion] INFO  o.e.m.c.i.embedder.EclipseLogger - Copying 0 resource
2022-03-19 15:47:52,496 [Worker-72: Launching SampleAssertion] WARN  o.e.m.c.i.embedder.EclipseLogger - Using platform encoding (Cp1252 actually) to copy filtered resources, i.e. build is platform dependent!
2022-03-19 15:47:52,498 [Worker-72: Launching SampleAssertion] INFO  o.e.m.c.i.embedder.EclipseLogger - Copying 0 resource
2022-03-19 15:48:13,808 [Worker-70: Launching SampleAssertion] WARN  o.e.m.c.i.embedder.EclipseLogger - Using platform encoding (Cp1252 actually) to copy filtered resources, i.e. build is platform dependent!
2022-03-19 15:48:13,809 [Worker-70: Launching SampleAssertion] INFO  o.e.m.c.i.embedder.EclipseLogger - Copying 0 resource
2022-03-19 15:48:13,811 [Worker-70: Launching SampleAssertion] WARN  o.e.m.c.i.embedder.EclipseLogger - Using platform encoding (Cp1252 actually) to copy filtered resources, i.e. build is platform dependent!
2022-03-19 15:48:13,813 [Worker-70: Launching SampleAssertion] INFO  o.e.m.c.i.embedder.EclipseLogger - Copying 0 resource
2022-03-19 15:49:32,179 [Worker-61: Launching SampleAssertion] WARN  o.e.m.c.i.embedder.EclipseLogger - Using platform encoding (Cp1252 actually) to copy filtered resources, i.e. build is platform dependent!
2022-03-19 15:49:32,181 [Worker-61: Launching SampleAssertion] INFO  o.e.m.c.i.embedder.EclipseLogger - Copying 0 resource
2022-03-19 15:49:32,183 [Worker-61: Launching SampleAssertion] WARN  o.e.m.c.i.embedder.EclipseLogger - Using platform encoding (Cp1252 actually) to copy filtered resources, i.e. build is platform dependent!
2022-03-19 15:49:32,185 [Worker-61: Launching SampleAssertion] INFO  o.e.m.c.i.embedder.EclipseLogger - Copying 0 resource
2022-03-19 15:50:26,903 [Worker-69: Building] WARN  o.e.m.c.i.embedder.EclipseLogger - Using platform encoding (Cp1252 actually) to copy filtered resources, i.e. build is platform dependent!
2022-03-19 15:50:26,905 [Worker-69: Building] INFO  o.e.m.c.i.embedder.EclipseLogger - Copying 0 resource
2022-03-19 15:50:26,907 [Worker-69: Building] WARN  o.e.m.c.i.embedder.EclipseLogger - Using platform encoding (Cp1252 actually) to copy filtered resources, i.e. build is platform dependent!
2022-03-19 15:50:26,909 [Worker-69: Building] INFO  o.e.m.c.i.embedder.EclipseLogger - Copying 0 resource
2022-03-19 15:51:36,332 [Worker-61: Launching SuiteTest1] WARN  o.e.m.c.i.embedder.EclipseLogger - Using platform encoding (Cp1252 actually) to copy filtered resources, i.e. build is platform dependent!
2022-03-19 15:51:36,334 [Worker-61: Launching SuiteTest1] INFO  o.e.m.c.i.embedder.EclipseLogger - Copying 0 resource
2022-03-19 15:51:36,335 [Worker-61: Launching SuiteTest1] WARN  o.e.m.c.i.embedder.EclipseLogger - Using platform encoding (Cp1252 actually) to copy filtered resources, i.e. build is platform dependent!
2022-03-19 15:51:36,337 [Worker-61: Launching SuiteTest1] INFO  o.e.m.c.i.embedder.EclipseLogger - Copying 0 resource
2022-03-19 15:51:59,482 [Worker-70: Building] WARN  o.e.m.c.i.embedder.EclipseLogger - Using platform encoding (Cp1252 actually) to copy filtered resources, i.e. build is platform dependent!
2022-03-19 15:51:59,484 [Worker-70: Building] INFO  o.e.m.c.i.embedder.EclipseLogger - Copying 0 resource
2022-03-19 15:51:59,485 [Worker-70: Building] WARN  o.e.m.c.i.embedder.EclipseLogger - Using platform encoding (Cp1252 actually) to copy filtered resources, i.e. build is platform dependent!
2022-03-19 15:51:59,487 [Worker-70: Building] INFO  o.e.m.c.i.embedder.EclipseLogger - Copying 0 resource
2022-03-19 15:52:28,057 [Worker-65: Launching SuiteTest2] WARN  o.e.m.c.i.embedder.EclipseLogger - Using platform encoding (Cp1252 actually) to copy filtered resources, i.e. build is platform dependent!
2022-03-19 15:52:28,058 [Worker-65: Launching SuiteTest2] INFO  o.e.m.c.i.embedder.EclipseLogger - Copying 0 resource
2022-03-19 15:52:28,060 [Worker-65: Launching SuiteTest2] WARN  o.e.m.c.i.embedder.EclipseLogger - Using platform encoding (Cp1252 actually) to copy filtered resources, i.e. build is platform dependent!
2022-03-19 15:52:28,062 [Worker-65: Launching SuiteTest2] INFO  o.e.m.c.i.embedder.EclipseLogger - Copying 0 resource
2022-03-19 15:53:01,718 [Worker-72: Building] WARN  o.e.m.c.i.embedder.EclipseLogger - Using platform encoding (Cp1252 actually) to copy filtered resources, i.e. build is platform dependent!
2022-03-19 15:53:01,719 [Worker-72: Building] INFO  o.e.m.c.i.embedder.EclipseLogger - Copying 0 resource
2022-03-19 15:53:01,720 [Worker-72: Building] WARN  o.e.m.c.i.embedder.EclipseLogger - Using platform encoding (Cp1252 actually) to copy filtered resources, i.e. build is platform dependent!
2022-03-19 15:53:01,723 [Worker-72: Building] INFO  o.e.m.c.i.embedder.EclipseLogger - Copying 0 resource
2022-03-19 15:55:23,929 [Worker-71: Building] WARN  o.e.m.c.i.embedder.EclipseLogger - Using platform encoding (Cp1252 actually) to copy filtered resources, i.e. build is platform dependent!
2022-03-19 15:55:23,931 [Worker-71: Building] INFO  o.e.m.c.i.embedder.EclipseLogger - Copying 0 resource
2022-03-19 15:55:23,932 [Worker-71: Building] WARN  o.e.m.c.i.embedder.EclipseLogger - Using platform encoding (Cp1252 actually) to copy filtered resources, i.e. build is platform dependent!
2022-03-19 15:55:23,934 [Worker-71: Building] INFO  o.e.m.c.i.embedder.EclipseLogger - Copying 0 resource
2022-03-19 15:55:24,951 [Worker-70: Building] WARN  o.e.m.c.i.embedder.EclipseLogger - Using platform encoding (Cp1252 actually) to copy filtered resources, i.e. build is platform dependent!
2022-03-19 15:55:24,954 [Worker-70: Building] INFO  o.e.m.c.i.embedder.EclipseLogger - Copying 0 resource
2022-03-19 15:55:24,956 [Worker-70: Building] WARN  o.e.m.c.i.embedder.EclipseLogger - Using platform encoding (Cp1252 actually) to copy filtered resources, i.e. build is platform dependent!
2022-03-19 15:55:24,958 [Worker-70: Building] INFO  o.e.m.c.i.embedder.EclipseLogger - Copying 0 resource
2022-03-19 15:57:35,941 [Worker-71: Launching Test] WARN  o.e.m.c.i.embedder.EclipseLogger - Using platform encoding (Cp1252 actually) to copy filtered resources, i.e. build is platform dependent!
2022-03-19 15:57:35,943 [Worker-71: Launching Test] INFO  o.e.m.c.i.embedder.EclipseLogger - Copying 0 resource
2022-03-19 15:57:35,945 [Worker-71: Launching Test] WARN  o.e.m.c.i.embedder.EclipseLogger - Using platform encoding (Cp1252 actually) to copy filtered resources, i.e. build is platform dependent!
2022-03-19 15:57:35,947 [Worker-71: Launching Test] INFO  o.e.m.c.i.embedder.EclipseLogger - Copying 0 resource
2022-03-20 15:27:53,664 [Worker-0: Loading available Gradle versions] INFO  o.e.b.c.i.u.g.PublishedGradleVersions - Gradle version information cache is up-to-date. Trying to read.
2022-03-21 11:13:54,338 [Worker-2: Loading available Gradle versions] INFO  o.e.b.c.i.u.g.PublishedGradleVersions - Gradle version information cache is up-to-date. Trying to read.
2022-03-21 13:14:41,180 [Worker-30: Building] INFO  o.e.m.c.i.l.LifecycleMappingFactory - Using org.eclipse.m2e.jdt.JarLifecycleMapping lifecycle mapping for MavenProject: com.junit.testing:junittestreports:0.0.1-SNAPSHOT @ C:\Users\lenovo\Implement OOPS using JAVA with Data Structures and Beyond\Self Learning\JUnit Test and Report\pom.xml.
2022-03-21 13:14:44,646 [Worker-30: Building] WARN  o.e.m.c.i.embedder.EclipseLogger - Using platform encoding (Cp1252 actually) to copy filtered resources, i.e. build is platform dependent!
2022-03-21 13:14:44,710 [Worker-30: Building] INFO  o.e.m.c.i.embedder.EclipseLogger - Copying 0 resource
2022-03-21 13:14:44,714 [Worker-30: Building] WARN  o.e.m.c.i.embedder.EclipseLogger - Using platform encoding (Cp1252 actually) to copy filtered resources, i.e. build is platform dependent!
2022-03-21 13:14:44,776 [Worker-30: Building] INFO  o.e.m.c.i.embedder.EclipseLogger - Copying 0 resource
2022-03-21 13:14:46,130 [Worker-39: Building] WARN  o.e.m.c.i.embedder.EclipseLogger - Using platform encoding (Cp1252 actually) to copy filtered resources, i.e. build is platform dependent!
2022-03-21 13:14:46,138 [Worker-39: Building] INFO  o.e.m.c.i.embedder.EclipseLogger - Copying 0 resource
2022-03-21 13:14:46,140 [Worker-39: Building] WARN  o.e.m.c.i.embedder.EclipseLogger - Using platform encoding (Cp1252 actually) to copy filtered resources, i.e. build is platform dependent!
2022-03-21 13:14:46,151 [Worker-39: Building] INFO  o.e.m.c.i.embedder.EclipseLogger - Copying 0 resource
2022-03-21 17:13:06,550 [Worker-2: Loading available Gradle versions] INFO  o.e.b.c.i.u.g.PublishedGradleVersions - Gradle version information cache is up-to-date. Trying to read.
2022-03-22 11:42:52,275 [Worker-3: Loading available Gradle versions] INFO  o.e.b.c.i.u.g.PublishedGradleVersions - Gradle version information cache is up-to-date. Trying to read.
2022-03-22 14:36:47,378 [Worker-4: Loading available Gradle versions] INFO  o.e.b.c.i.u.g.PublishedGradleVersions - Gradle version information cache is up-to-date. Trying to read.
2022-03-22 14:42:16,088 [Worker-6: Building] WARN  o.e.m.c.i.embedder.EclipseLogger - Using platform encoding (Cp1252 actually) to copy filtered resources, i.e. build is platform dependent!
2022-03-22 14:42:16,107 [Worker-6: Building] INFO  o.e.m.c.i.embedder.EclipseLogger - Copying 0 resource
2022-03-22 14:42:16,115 [Worker-6: Building] WARN  o.e.m.c.i.embedder.EclipseLogger - Using platform encoding (Cp1252 actually) to copy filtered resources, i.e. build is platform dependent!
2022-03-22 14:42:16,146 [Worker-6: Building] INFO  o.e.m.c.i.embedder.EclipseLogger - Copying 0 resource
2022-03-22 17:53:30,240 [Worker-2: Loading available Gradle versions] INFO  o.e.b.c.i.u.g.PublishedGradleVersions - Gradle version information cache is up-to-date. Trying to read.
2022-03-22 23:01:02,292 [Worker-5: Loading available Gradle versions] INFO  o.e.b.c.i.u.g.PublishedGradleVersions - Gradle version information cache is up-to-date. Trying to read.
2022-03-23 10:07:43,783 [Worker-6: Loading available Gradle versions] INFO  o.e.b.c.i.u.g.PublishedGradleVersions - Gradle version information cache is up-to-date. Trying to read.
2022-03-23 10:45:27,771 [Worker-5: Loading available Gradle versions] INFO  o.e.b.c.i.u.g.PublishedGradleVersions - Gradle version information cache is up-to-date. Trying to read.
2022-03-23 10:55:32,157 [Worker-3: Building] WARN  o.e.m.c.i.embedder.EclipseLogger - Using platform encoding (Cp1252 actually) to copy filtered resources, i.e. build is platform dependent!
2022-03-23 10:55:32,164 [Worker-3: Building] INFO  o.e.m.c.i.embedder.EclipseLogger - Copying 0 resource
2022-03-23 10:55:32,166 [Worker-3: Building] WARN  o.e.m.c.i.embedder.EclipseLogger - Using platform encoding (Cp1252 actually) to copy filtered resources, i.e. build is platform dependent!
2022-03-23 10:55:32,168 [Worker-3: Building] INFO  o.e.m.c.i.embedder.EclipseLogger - Copying 0 resource
2022-03-24 20:20:49,218 [Worker-5: Loading available Gradle versions] INFO  o.e.b.c.i.u.g.PublishedGradleVersions - Gradle version information cache is up-to-date. Trying to read.
